<?xml version="1.0" encoding="UTF-8"?>
<!-- Generated by org.testng.reporters.JUnitReportReporter -->
<testsuite skipped="0" hostname="DESKTOP-5OBH416" name="CertificationProjectSelenium.CertificationProjectSelenium.AppTest" tests="1" failures="0" timestamp="2020-08-22T00:29:39 EDT" time="4.089" errors="0">
  <testcase name="testApp" time="4.089" classname="CertificationProjectSelenium.CertificationProjectSelenium.AppTest"/>
  <system-out/>
</testsuite> <!-- CertificationProjectSelenium.CertificationProjectSelenium.AppTest -->
